Arguments: 
  D:\Program Files\node.exe C:\Program Files (x86)\Yarn\bin\yarn.js uninstall

PATH: 
  C:\Users\elaine.ma\bin;D:\Program Files\Git\mingw64\bin;D:\Program Files\Git\usr\local\bin;D:\Program Files\Git\usr\bin;D:\Program Files\Git\usr\bin;D:\Program Files\Git\mingw64\bin;D:\Program Files\Git\usr\bin;C:\Users\elaine.ma\bin;C:\Program Files\Java\jdk-9.0.4\bin;C:\Program Files\Java\jdk-9.0.4\jre\bin;C:\Program Files\nodejs\node_modules\npm;%MySQL%\bin;C:\windows\system32;C:\ProgramData\chocolatey\bin;C:\Windows;C:\Windows\system32\wbem;flutter\bin;C:\Program Files (x86)\Yarn\bin;C:\usr\local\node_modules\@vue\cli\lib;C:\usr\local;D:\Program Files\Git\cmd;D:\Program Files\TortoiseGit\bin;C:\Program Files\Microsoft VS Code\bin;D:\Program Files;C:\Users\elaine.ma\scoop\shims;C:\Program Files\nodejs;C:\Program Files\Microsoft VS Code\bin;flutter\bin;C:\Users\elaine.ma\AppData\Local\Yarn\bin;C:\Users\elaine.ma\AppData\Local\Android\Sdk\platform-tools;C:\Users\elaine.ma\AppData\Roaming\npm;D:\Program Files\Git\usr\bin\vendor_perl;D:\Program Files\Git\usr\bin\core_perl

Yarn version: 
  1.9.4

Node version: 
  10.15.1

Platform: 
  win32 x64

Trace: 
  SyntaxError: E:\TRANSFER\WORKSPACE\ELAINE\NPM\pre-push\package.json: Unexpected token ] in JSON at position 341
      at JSON.parse (<anonymous>)
      at C:\Program Files (x86)\Yarn\lib\cli.js:1130:59
      at Generator.next (<anonymous>)
      at step (C:\Program Files (x86)\Yarn\lib\cli.js:92:30)
      at C:\Program Files (x86)\Yarn\lib\cli.js:103:13

npm manifest: 
  {
    "name": "githook-pre-push",
    "version": "1.0.0",
    "description": "githook pre push",
    "main": "index.js",
    "scripts": {
      "install": "node index.js",
      "uninstall": "node uninstall.js",
      "test": "echo \"Error: no test specified\" && exit 1"
    },
    "pre-push": ["echo"],
    "keywords": [
      "githook",
      "pre",
      "push",
    ],
    "author": "",
    "license": "ISC"
  }

yarn manifest: 
  No manifest

Lockfile: 
  No lockfile
